#
# There is insufficient memory for the Java Runtime Environment to continue.
# Native memory allocation (malloc) failed to allocate 32744 bytes for Chunk::new
# Possible reasons:
#   The system is out of physical RAM or swap space
#   The process is running with CompressedOops enabled, and the Java Heap may be blocking the growth of the native heap
# Possible solutions:
#   Reduce memory load on the system
#   Increase physical memory or swap space
#   Check if swap backing store is full
#   Decrease Java heap size (-Xmx/-Xms)
#   Decrease number of Java threads
#   Decrease Java thread stack sizes (-Xss)
#   Set larger code cache with -XX:ReservedCodeCacheSize=
#   JVM is running with Unscaled Compressed Oops mode in which the Java heap is
#     placed in the first 4GB address space. The Java Heap base address is the
#     maximum limit for the native heap growth. Please use -XX:HeapBaseMinAddress
#     to set the Java Heap base and to place the Java Heap above 4GB virtual address.
# This output file may be truncated or incomplete.
#
#  Out of Memory Error (arena.cpp:184), pid=19564, tid=1984
#
# JRE version: OpenJDK Runtime Environment (20.0.1+9) (build 20.0.1+9-29)
# Java VM: OpenJDK 64-Bit Server VM (20.0.1+9-29, mixed mode, sharing, tiered, compressed oops, compressed class ptrs, g1 gc, windows-amd64)
# No core dump will be written. Minidumps are not enabled by default on client versions of Windows
#

---------------  S U M M A R Y ------------

Command Line: -javaagent:C:\Program Files\JetBrains\IntelliJ IDEA 2023.3.4\lib\idea_rt.jar=49638:C:\Program Files\JetBrains\IntelliJ IDEA 2023.3.4\bin -Dfile.encoding=UTF-8 -Dsun.stdout.encoding=UTF-8 -Dsun.stderr.encoding=UTF-8 --module-path=C:\Users\HP\.m2\repository\org\openjfx\javafx-fxml\20.0.1\javafx-fxml-20.0.1-win.jar;C:\Users\HP\.m2\repository\org\openjfx\javafx-controls\20.0.1\javafx-controls-20.0.1-win.jar;C:\Users\HP\.m2\repository\org\openjfx\javafx-graphics\20.0.1\javafx-graphics-20.0.1-win.jar;C:\Users\HP\.m2\repository\org\openjfx\javafx-base\20.0.1\javafx-base-20.0.1-win.jar;E:\MIAGE\LICENCE 3\SEMESTRE 2\PROGRAMMATION D'APPLICATION\Projet\projet_morpion\target\classes -Djdk.module.main=yeofrancois.degnyalfred.morpion.projet_morpion yeofrancois.degnyalfred.morpion.projet_morpion/yeofrancois.degnyalfred.morpion.projet_morpion.HelloApplication

Host: Intel(R) Core(TM) i5-3320M CPU @ 2.60GHz, 4 cores, 7G,  Windows 10 , 64 bit Build 19041 (10.0.19041.1202)
Time: Sun Apr  7 22:22:03 2024 Greenwich elapsed time: 34.844370 seconds (0d 0h 0m 34s)

---------------  T H R E A D  ---------------

Current thread (0x00000201ff28b730):  JavaThread "C2 CompilerThread0" daemon [_thread_in_native, id=1984, stack(0x0000008012600000,0x0000008012700000)]


Current CompileTask:
C2:  34844 3966       4       com.sun.prism.impl.ps.BaseShaderGraphics::drawString (820 bytes)

Stack: [0x0000008012600000,0x0000008012700000]
Native frames: (J=compiled Java code, j=interpreted, Vv=VM code, C=native code)
V  [jvm.dll+0x6bb95a]
V  [jvm.dll+0x8485fa]
V  [jvm.dll+0x84a1f5]
V  [jvm.dll+0x84a8f3]
V  [jvm.dll+0x280b0f]
V  [jvm.dll+0xc2b11]
V  [jvm.dll+0xc2e35]
V  [jvm.dll+0x5e92c0]
V  [jvm.dll+0x5e45b6]
V  [jvm.dll+0x5e4354]
V  [jvm.dll+0x5e35d8]
V  [jvm.dll+0x2543b4]
V  [jvm.dll+0x24c842]
V  [jvm.dll+0x24a549]
V  [jvm.dll+0x1ce491]
V  [jvm.dll+0x259e1b]
V  [jvm.dll+0x2584f0]
V  [jvm.dll+0x3f2895]
V  [jvm.dll+0x7f4b56]
V  [jvm.dll+0x6ba5cb]
C  [ucrtbase.dll+0x21bb2]
C  [KERNEL32.DLL+0x17034]
C  [ntdll.dll+0x52651]


---------------  P R O C E S S  ---------------

Threads class SMR info:
_java_thread_list=0x0000020198810e50, length=19, elements={
0x00000201f417ddb0, 0x00000201ff26f4e0, 0x00000201ff270f30, 0x00000201ff2734b0,
0x00000201ff275f00, 0x00000201ff2783c0, 0x00000201ff27b880, 0x00000201ff28b730,
0x00000201ff2962f0, 0x00000201ff23a440, 0x0000020197cde9f0, 0x0000020197b7c1c0,
0x0000020197cca200, 0x0000020197ad33a0, 0x00000201982d3b20, 0x0000020197b2d9f0,
0x0000020197f53df0, 0x00000201980a8570, 0x00000201980a6590
}

Java Threads: ( => current thread )
  0x00000201f417ddb0 JavaThread "main" [_thread_blocked, id=7288, stack(0x0000008011900000,0x0000008011a00000)]
  0x00000201ff26f4e0 JavaThread "Reference Handler" daemon [_thread_blocked, id=14404, stack(0x0000008012000000,0x0000008012100000)]
  0x00000201ff270f30 JavaThread "Finalizer" daemon [_thread_blocked, id=17424, stack(0x0000008012100000,0x0000008012200000)]
  0x00000201ff2734b0 JavaThread "Signal Dispatcher" daemon [_thread_blocked, id=18848, stack(0x0000008012200000,0x0000008012300000)]
  0x00000201ff275f00 JavaThread "Attach Listener" daemon [_thread_blocked, id=20312, stack(0x0000008012300000,0x0000008012400000)]
  0x00000201ff2783c0 JavaThread "Service Thread" daemon [_thread_blocked, id=12308, stack(0x0000008012400000,0x0000008012500000)]
  0x00000201ff27b880 JavaThread "Monitor Deflation Thread" daemon [_thread_blocked, id=14500, stack(0x0000008012500000,0x0000008012600000)]
=>0x00000201ff28b730 JavaThread "C2 CompilerThread0" daemon [_thread_in_native, id=1984, stack(0x0000008012600000,0x0000008012700000)]
  0x00000201ff2962f0 JavaThread "C1 CompilerThread0" daemon [_thread_blocked, id=18796, stack(0x0000008012700000,0x0000008012800000)]
  0x00000201ff23a440 JavaThread "Common-Cleaner" daemon [_thread_blocked, id=19464, stack(0x0000008012800000,0x0000008012900000)]
  0x0000020197cde9f0 JavaThread "Monitor Ctrl-Break" daemon [_thread_in_native, id=10572, stack(0x0000008012a00000,0x0000008012b00000)]
  0x0000020197b7c1c0 JavaThread "Notification Thread" daemon [_thread_blocked, id=17268, stack(0x0000008012b00000,0x0000008012c00000)]
  0x0000020197cca200 JavaThread "QuantumRenderer-0" daemon [_thread_in_vm, id=19724, stack(0x0000008013000000,0x0000008013100000)] _threads_hazard_ptr=0x0000020198810e50
  0x0000020197ad33a0 JavaThread "InvokeLaterDispatcher" daemon [_thread_blocked, id=14812, stack(0x0000008012900000,0x0000008012a00000)]
  0x00000201982d3b20 JavaThread "JavaFX Application Thread" [_thread_in_native, id=19284, stack(0x0000008013100000,0x0000008013200000)]
  0x0000020197b2d9f0 JavaThread "Thread-1" daemon [_thread_in_native, id=21364, stack(0x0000008013500000,0x0000008013600000)]
  0x0000020197f53df0 JavaThread "JavaFX-Launcher" [_thread_blocked, id=13764, stack(0x0000008013600000,0x0000008013700000)]
  0x00000201980a8570 JavaThread "Prism Font Disposer" daemon [_thread_blocked, id=18600, stack(0x0000008013800000,0x0000008013900000)]
  0x00000201980a6590 JavaThread "Cleaner-0" daemon [_thread_blocked, id=16176, stack(0x0000008013b00000,0x0000008013c00000)]

Other Threads:
  0x00000201ff2508a0 VMThread "VM Thread" [stack: 0x0000008011f00000,0x0000008012000000] [id=19684]
  0x0000020197529ce0 WatcherThread "VM Periodic Task Thread" [stack: 0x0000008012c00000,0x0000008012d00000] [id=19056]
  0x00000201f41dacd0 WorkerThread "GC Thread#0" [stack: 0x0000008011a00000,0x0000008011b00000] [id=14728]
  0x0000020197849110 WorkerThread "GC Thread#1" [stack: 0x0000008012d00000,0x0000008012e00000] [id=20112]
  0x00000201978493e0 WorkerThread "GC Thread#2" [stack: 0x0000008012e00000,0x0000008012f00000] [id=16628]
  0x000002019891cc80 WorkerThread "GC Thread#3" [stack: 0x0000008012f00000,0x0000008013000000] [id=20708]
  0x00000201f41eb8d0 ConcurrentGCThread "G1 Main Marker" [stack: 0x0000008011b00000,0x0000008011c00000] [id=13540]
  0x00000201f41ee9c0 WorkerThread "G1 Conc#0" [stack: 0x0000008011c00000,0x0000008011d00000] [id=14216]
  0x00000201f422e400 ConcurrentGCThread "G1 Refine#0" [stack: 0x0000008011d00000,0x0000008011e00000] [id=8580]
  0x00000201ff102150 ConcurrentGCThread "G1 Service" [stack: 0x0000008011e00000,0x0000008011f00000] [id=19544]

Threads with active compile tasks:
C2 CompilerThread0    35411 3966       4       com.sun.prism.impl.ps.BaseShaderGraphics::drawString (820 bytes)

VM state: not at safepoint (normal execution)

VM Mutex/Monitor currently owned by a thread: None

Heap address: 0x0000000081e00000, size: 2018 MB, Compressed Oops mode: 32-bit

CDS archive(s) mapped at: [0x0000000800000000-0x0000000800c60000-0x0000000800c60000), size 12976128, SharedBaseAddress: 0x0000000800000000, ArchiveRelocationMode: 0.
Compressed class space mapped at: 0x0000000801000000-0x0000000841000000, reserved size: 1073741824
Narrow klass base: 0x0000000800000000, Narrow klass shift: 0, Narrow klass range: 0x100000000

GC Precious Log:
 CardTable entry size: 512
 Card Set container configuration: InlinePtr #cards 5 size 8 Array Of Cards #cards 12 size 40 Howl #buckets 4 coarsen threshold 1843 Howl Bitmap #cards 512 size 80 coarsen threshold 460 Card regions per heap region 1 cards per card region 2048
 CPUs: 4 total, 4 available
 Memory: 8071M
 Large Page Support: Disabled
 NUMA Support: Disabled
 Compressed Oops: Enabled (32-bit)
 Heap Region Size: 1M
 Heap Min Capacity: 8M
 Heap Initial Capacity: 128M
 Heap Max Capacity: 2018M
 Pre-touch: Disabled
 Parallel Workers: 4
 Concurrent Workers: 1
 Concurrent Refinement Workers: 4
 Periodic GC: Disabled

Heap:
 garbage-first heap   total 131072K, used 48782K [0x0000000081e00000, 0x0000000100000000)
  region size 1024K, 45 young (46080K), 2 survivors (2048K)
 Metaspace       used 17392K, committed 17792K, reserved 1114112K
  class space    used 2433K, committed 2624K, reserved 1048576K

Heap Regions: E=young(eden), S=young(survivor), O=old, HS=humongous(starts), HC=humongous(continues), CS=collection set, F=free, OA=open archive, CA=closed archive, TAMS=top-at-mark-start, PB=parsable bottom
|   0|0x0000000081e00000, 0x0000000081f00000, 0x0000000081f00000|100%| O|  |TAMS 0x0000000081e00000| PB 0x0000000081e00000| Untracked 
|   1|0x0000000081f00000, 0x0000000082000000, 0x0000000082000000|100%| O|  |TAMS 0x0000000081f00000| PB 0x0000000081f00000| Untracked 
|   2|0x0000000082000000, 0x00000000820ae600, 0x0000000082100000| 68%| O|  |TAMS 0x0000000082000000| PB 0x0000000082000000| Untracked 
|   3|0x0000000082100000, 0x0000000082200000, 0x0000000082200000|100%|HS|  |TAMS 0x0000000082100000| PB 0x0000000082100000| Complete 
|   4|0x0000000082200000, 0x0000000082300000, 0x0000000082300000|100%|HC|  |TAMS 0x0000000082200000| PB 0x0000000082200000| Complete 
|   5|0x0000000082300000, 0x0000000082300000, 0x0000000082400000|  0%| F|  |TAMS 0x0000000082300000| PB 0x0000000082300000| Untracked 
|   6|0x0000000082400000, 0x0000000082400000, 0x0000000082500000|  0%| F|  |TAMS 0x0000000082400000| PB 0x0000000082400000| Untracked 
|   7|0x0000000082500000, 0x0000000082500000, 0x0000000082600000|  0%| F|  |TAMS 0x0000000082500000| PB 0x0000000082500000| Untracked 
|   8|0x0000000082600000, 0x0000000082600000, 0x0000000082700000|  0%| F|  |TAMS 0x0000000082600000| PB 0x0000000082600000| Untracked 
|   9|0x0000000082700000, 0x0000000082700000, 0x0000000082800000|  0%| F|  |TAMS 0x0000000082700000| PB 0x0000000082700000| Untracked 
|  10|0x0000000082800000, 0x0000000082800000, 0x0000000082900000|  0%| F|  |TAMS 0x0000000082800000| PB 0x0000000082800000| Untracked 
|  11|0x0000000082900000, 0x0000000082900000, 0x0000000082a00000|  0%| F|  |TAMS 0x0000000082900000| PB 0x0000000082900000| Untracked 
|  12|0x0000000082a00000, 0x0000000082a00000, 0x0000000082b00000|  0%| F|  |TAMS 0x0000000082a00000| PB 0x0000000082a00000| Untracked 
|  13|0x0000000082b00000, 0x0000000082b00000, 0x0000000082c00000|  0%| F|  |TAMS 0x0000000082b00000| PB 0x0000000082b00000| Untracked 
|  14|0x0000000082c00000, 0x0000000082c00000, 0x0000000082d00000|  0%| F|  |TAMS 0x0000000082c00000| PB 0x0000000082c00000| Untracked 
|  15|0x0000000082d00000, 0x0000000082d00000, 0x0000000082e00000|  0%| F|  |TAMS 0x0000000082d00000| PB 0x0000000082d00000| Untracked 
|  16|0x0000000082e00000, 0x0000000082e00000, 0x0000000082f00000|  0%| F|  |TAMS 0x0000000082e00000| PB 0x0000000082e00000| Untracked 
|  17|0x0000000082f00000, 0x0000000082f00000, 0x0000000083000000|  0%| F|  |TAMS 0x0000000082f00000| PB 0x0000000082f00000| Untracked 
|  18|0x0000000083000000, 0x0000000083000000, 0x0000000083100000|  0%| F|  |TAMS 0x0000000083000000| PB 0x0000000083000000| Untracked 
|  19|0x0000000083100000, 0x0000000083100000, 0x0000000083200000|  0%| F|  |TAMS 0x0000000083100000| PB 0x0000000083100000| Untracked 
|  20|0x0000000083200000, 0x0000000083200000, 0x0000000083300000|  0%| F|  |TAMS 0x0000000083200000| PB 0x0000000083200000| Untracked 
|  21|0x0000000083300000, 0x0000000083300000, 0x0000000083400000|  0%| F|  |TAMS 0x0000000083300000| PB 0x0000000083300000| Untracked 
|  22|0x0000000083400000, 0x0000000083400000, 0x0000000083500000|  0%| F|  |TAMS 0x0000000083400000| PB 0x0000000083400000| Untracked 
|  23|0x0000000083500000, 0x0000000083500000, 0x0000000083600000|  0%| F|  |TAMS 0x0000000083500000| PB 0x0000000083500000| Untracked 
|  24|0x0000000083600000, 0x0000000083600000, 0x0000000083700000|  0%| F|  |TAMS 0x0000000083600000| PB 0x0000000083600000| Untracked 
|  25|0x0000000083700000, 0x0000000083700000, 0x0000000083800000|  0%| F|  |TAMS 0x0000000083700000| PB 0x0000000083700000| Untracked 
|  26|0x0000000083800000, 0x0000000083800000, 0x0000000083900000|  0%| F|  |TAMS 0x0000000083800000| PB 0x0000000083800000| Untracked 
|  27|0x0000000083900000, 0x0000000083900000, 0x0000000083a00000|  0%| F|  |TAMS 0x0000000083900000| PB 0x0000000083900000| Untracked 
|  28|0x0000000083a00000, 0x0000000083a00000, 0x0000000083b00000|  0%| F|  |TAMS 0x0000000083a00000| PB 0x0000000083a00000| Untracked 
|  29|0x0000000083b00000, 0x0000000083b00000, 0x0000000083c00000|  0%| F|  |TAMS 0x0000000083b00000| PB 0x0000000083b00000| Untracked 
|  30|0x0000000083c00000, 0x0000000083c00000, 0x0000000083d00000|  0%| F|  |TAMS 0x0000000083c00000| PB 0x0000000083c00000| Untracked 
|  31|0x0000000083d00000, 0x0000000083d00000, 0x0000000083e00000|  0%| F|  |TAMS 0x0000000083d00000| PB 0x0000000083d00000| Untracked 
|  32|0x0000000083e00000, 0x0000000083e00000, 0x0000000083f00000|  0%| F|  |TAMS 0x0000000083e00000| PB 0x0000000083e00000| Untracked 
|  33|0x0000000083f00000, 0x0000000083f00000, 0x0000000084000000|  0%| F|  |TAMS 0x0000000083f00000| PB 0x0000000083f00000| Untracked 
|  34|0x0000000084000000, 0x0000000084000000, 0x0000000084100000|  0%| F|  |TAMS 0x0000000084000000| PB 0x0000000084000000| Untracked 
|  35|0x0000000084100000, 0x0000000084100000, 0x0000000084200000|  0%| F|  |TAMS 0x0000000084100000| PB 0x0000000084100000| Untracked 
|  36|0x0000000084200000, 0x0000000084200000, 0x0000000084300000|  0%| F|  |TAMS 0x0000000084200000| PB 0x0000000084200000| Untracked 
|  37|0x0000000084300000, 0x0000000084300000, 0x0000000084400000|  0%| F|  |TAMS 0x0000000084300000| PB 0x0000000084300000| Untracked 
|  38|0x0000000084400000, 0x0000000084400000, 0x0000000084500000|  0%| F|  |TAMS 0x0000000084400000| PB 0x0000000084400000| Untracked 
|  39|0x0000000084500000, 0x0000000084500000, 0x0000000084600000|  0%| F|  |TAMS 0x0000000084500000| PB 0x0000000084500000| Untracked 
|  40|0x0000000084600000, 0x0000000084600000, 0x0000000084700000|  0%| F|  |TAMS 0x0000000084600000| PB 0x0000000084600000| Untracked 
|  41|0x0000000084700000, 0x0000000084700000, 0x0000000084800000|  0%| F|  |TAMS 0x0000000084700000| PB 0x0000000084700000| Untracked 
|  42|0x0000000084800000, 0x0000000084800000, 0x0000000084900000|  0%| F|  |TAMS 0x0000000084800000| PB 0x0000000084800000| Untracked 
|  43|0x0000000084900000, 0x0000000084900000, 0x0000000084a00000|  0%| F|  |TAMS 0x0000000084900000| PB 0x0000000084900000| Untracked 
|  44|0x0000000084a00000, 0x0000000084a00000, 0x0000000084b00000|  0%| F|  |TAMS 0x0000000084a00000| PB 0x0000000084a00000| Untracked 
|  45|0x0000000084b00000, 0x0000000084b00000, 0x0000000084c00000|  0%| F|  |TAMS 0x0000000084b00000| PB 0x0000000084b00000| Untracked 
|  46|0x0000000084c00000, 0x0000000084c00000, 0x0000000084d00000|  0%| F|  |TAMS 0x0000000084c00000| PB 0x0000000084c00000| Untracked 
|  47|0x0000000084d00000, 0x0000000084d00000, 0x0000000084e00000|  0%| F|  |TAMS 0x0000000084d00000| PB 0x0000000084d00000| Untracked 
|  48|0x0000000084e00000, 0x0000000084e00000, 0x0000000084f00000|  0%| F|  |TAMS 0x0000000084e00000| PB 0x0000000084e00000| Untracked 
|  49|0x0000000084f00000, 0x0000000084f00000, 0x0000000085000000|  0%| F|  |TAMS 0x0000000084f00000| PB 0x0000000084f00000| Untracked 
|  50|0x0000000085000000, 0x0000000085000000, 0x0000000085100000|  0%| F|  |TAMS 0x0000000085000000| PB 0x0000000085000000| Untracked 
|  51|0x0000000085100000, 0x0000000085100000, 0x0000000085200000|  0%| F|  |TAMS 0x0000000085100000| PB 0x0000000085100000| Untracked 
|  52|0x0000000085200000, 0x0000000085200000, 0x0000000085300000|  0%| F|  |TAMS 0x0000000085200000| PB 0x0000000085200000| Untracked 
|  53|0x0000000085300000, 0x0000000085300000, 0x0000000085400000|  0%| F|  |TAMS 0x0000000085300000| PB 0x0000000085300000| Untracked 
|  54|0x0000000085400000, 0x0000000085400000, 0x0000000085500000|  0%| F|  |TAMS 0x0000000085400000| PB 0x0000000085400000| Untracked 
|  55|0x0000000085500000, 0x0000000085500000, 0x0000000085600000|  0%| F|  |TAMS 0x0000000085500000| PB 0x0000000085500000| Untracked 
|  56|0x0000000085600000, 0x0000000085600000, 0x0000000085700000|  0%| F|  |TAMS 0x0000000085600000| PB 0x0000000085600000| Untracked 
|  57|0x0000000085700000, 0x0000000085700000, 0x0000000085800000|  0%| F|  |TAMS 0x0000000085700000| PB 0x0000000085700000| Untracked 
|  58|0x0000000085800000, 0x0000000085800000, 0x0000000085900000|  0%| F|  |TAMS 0x0000000085800000| PB 0x0000000085800000| Untracked 
|  59|0x0000000085900000, 0x0000000085900000, 0x0000000085a00000|  0%| F|  |TAMS 0x0000000085900000| PB 0x0000000085900000| Untracked 
|  60|0x0000000085a00000, 0x0000000085a00000, 0x0000000085b00000|  0%| F|  |TAMS 0x0000000085a00000| PB 0x0000000085a00000| Untracked 
|  61|0x0000000085b00000, 0x0000000085b00000, 0x0000000085c00000|  0%| F|  |TAMS 0x0000000085b00000| PB 0x0000000085b00000| Untracked 
|  62|0x0000000085c00000, 0x0000000085c00000, 0x0000000085d00000|  0%| F|  |TAMS 0x0000000085c00000| PB 0x0000000085c00000| Untracked 
|  63|0x0000000085d00000, 0x0000000085d00000, 0x0000000085e00000|  0%| F|  |TAMS 0x0000000085d00000| PB 0x0000000085d00000| Untracked 
|  64|0x0000000085e00000, 0x0000000085e00000, 0x0000000085f00000|  0%| F|  |TAMS 0x0000000085e00000| PB 0x0000000085e00000| Untracked 
|  65|0x0000000085f00000, 0x0000000085f00000, 0x0000000086000000|  0%| F|  |TAMS 0x0000000085f00000| PB 0x0000000085f00000| Untracked 
|  66|0x0000000086000000, 0x0000000086000000, 0x0000000086100000|  0%| F|  |TAMS 0x0000000086000000| PB 0x0000000086000000| Untracked 
|  67|0x0000000086100000, 0x0000000086100000, 0x0000000086200000|  0%| F|  |TAMS 0x0000000086100000| PB 0x0000000086100000| Untracked 
|  68|0x0000000086200000, 0x0000000086200000, 0x0000000086300000|  0%| F|  |TAMS 0x0000000086200000| PB 0x0000000086200000| Untracked 
|  69|0x0000000086300000, 0x0000000086300000, 0x0000000086400000|  0%| F|  |TAMS 0x0000000086300000| PB 0x0000000086300000| Untracked 
|  70|0x0000000086400000, 0x0000000086400000, 0x0000000086500000|  0%| F|  |TAMS 0x0000000086400000| PB 0x0000000086400000| Untracked 
|  71|0x0000000086500000, 0x0000000086500000, 0x0000000086600000|  0%| F|  |TAMS 0x0000000086500000| PB 0x0000000086500000| Untracked 
|  72|0x0000000086600000, 0x0000000086600000, 0x0000000086700000|  0%| F|  |TAMS 0x0000000086600000| PB 0x0000000086600000| Untracked 
|  73|0x0000000086700000, 0x0000000086700000, 0x0000000086800000|  0%| F|  |TAMS 0x0000000086700000| PB 0x0000000086700000| Untracked 
|  74|0x0000000086800000, 0x0000000086800000, 0x0000000086900000|  0%| F|  |TAMS 0x0000000086800000| PB 0x0000000086800000| Untracked 
|  75|0x0000000086900000, 0x0000000086900000, 0x0000000086a00000|  0%| F|  |TAMS 0x0000000086900000| PB 0x0000000086900000| Untracked 
|  76|0x0000000086a00000, 0x0000000086a00000, 0x0000000086b00000|  0%| F|  |TAMS 0x0000000086a00000| PB 0x0000000086a00000| Untracked 
|  77|0x0000000086b00000, 0x0000000086b00000, 0x0000000086c00000|  0%| F|  |TAMS 0x0000000086b00000| PB 0x0000000086b00000| Untracked 
|  78|0x0000000086c00000, 0x0000000086c00000, 0x0000000086d00000|  0%| F|  |TAMS 0x0000000086c00000| PB 0x0000000086c00000| Untracked 
|  79|0x0000000086d00000, 0x0000000086d00000, 0x0000000086e00000|  0%| F|  |TAMS 0x0000000086d00000| PB 0x0000000086d00000| Untracked 
|  80|0x0000000086e00000, 0x0000000086e00000, 0x0000000086f00000|  0%| F|  |TAMS 0x0000000086e00000| PB 0x0000000086e00000| Untracked 
|  81|0x0000000086f00000, 0x0000000086f00000, 0x0000000087000000|  0%| F|  |TAMS 0x0000000086f00000| PB 0x0000000086f00000| Untracked 
|  82|0x0000000087000000, 0x0000000087000000, 0x0000000087100000|  0%| F|  |TAMS 0x0000000087000000| PB 0x0000000087000000| Untracked 
|  83|0x0000000087100000, 0x00000000871305b8, 0x0000000087200000| 18%| E|  |TAMS 0x0000000087100000| PB 0x0000000087100000| Complete 
|  84|0x0000000087200000, 0x0000000087300000, 0x0000000087300000|100%| E|CS|TAMS 0x0000000087200000| PB 0x0000000087200000| Complete 
|  85|0x0000000087300000, 0x0000000087400000, 0x0000000087400000|100%| E|CS|TAMS 0x0000000087300000| PB 0x0000000087300000| Complete 
|  86|0x0000000087400000, 0x0000000087500000, 0x0000000087500000|100%| E|CS|TAMS 0x0000000087400000| PB 0x0000000087400000| Complete 
|  87|0x0000000087500000, 0x0000000087600000, 0x0000000087600000|100%| E|CS|TAMS 0x0000000087500000| PB 0x0000000087500000| Complete 
|  88|0x0000000087600000, 0x0000000087700000, 0x0000000087700000|100%| E|CS|TAMS 0x0000000087600000| PB 0x0000000087600000| Complete 
|  89|0x0000000087700000, 0x0000000087800000, 0x0000000087800000|100%| E|CS|TAMS 0x0000000087700000| PB 0x0000000087700000| Complete 
|  90|0x0000000087800000, 0x0000000087900000, 0x0000000087900000|100%| E|CS|TAMS 0x0000000087800000| PB 0x0000000087800000| Complete 
|  91|0x0000000087900000, 0x0000000087a00000, 0x0000000087a00000|100%| E|  |TAMS 0x0000000087900000| PB 0x0000000087900000| Complete 
|  92|0x0000000087a00000, 0x0000000087b00000, 0x0000000087b00000|100%| E|CS|TAMS 0x0000000087a00000| PB 0x0000000087a00000| Complete 
|  93|0x0000000087b00000, 0x0000000087c00000, 0x0000000087c00000|100%| E|CS|TAMS 0x0000000087b00000| PB 0x0000000087b00000| Complete 
|  94|0x0000000087c00000, 0x0000000087d00000, 0x0000000087d00000|100%| E|CS|TAMS 0x0000000087c00000| PB 0x0000000087c00000| Complete 
|  95|0x0000000087d00000, 0x0000000087e00000, 0x0000000087e00000|100%| E|CS|TAMS 0x0000000087d00000| PB 0x0000000087d00000| Complete 
|  96|0x0000000087e00000, 0x0000000087f00000, 0x0000000087f00000|100%| E|CS|TAMS 0x0000000087e00000| PB 0x0000000087e00000| Complete 
|  97|0x0000000087f00000, 0x0000000088000000, 0x0000000088000000|100%| E|CS|TAMS 0x0000000087f00000| PB 0x0000000087f00000| Complete 
|  98|0x0000000088000000, 0x0000000088100000, 0x0000000088100000|100%| E|CS|TAMS 0x0000000088000000| PB 0x0000000088000000| Complete 
|  99|0x0000000088100000, 0x0000000088200000, 0x0000000088200000|100%| E|CS|TAMS 0x0000000088100000| PB 0x0000000088100000| Complete 
| 100|0x0000000088200000, 0x0000000088300000, 0x0000000088300000|100%| E|CS|TAMS 0x0000000088200000| PB 0x0000000088200000| Complete 
| 101|0x0000000088300000, 0x0000000088400000, 0x0000000088400000|100%| E|CS|TAMS 0x0000000088300000| PB 0x0000000088300000| Complete 
| 102|0x0000000088400000, 0x0000000088500000, 0x0000000088500000|100%| E|CS|TAMS 0x0000000088400000| PB 0x0000000088400000| Complete 
| 103|0x0000000088500000, 0x0000000088600000, 0x0000000088600000|100%| E|CS|TAMS 0x0000000088500000| PB 0x0000000088500000| Complete 
| 104|0x0000000088600000, 0x0000000088700000, 0x0000000088700000|100%| E|CS|TAMS 0x0000000088600000| PB 0x0000000088600000| Complete 
| 105|0x0000000088700000, 0x0000000088800000, 0x0000000088800000|100%| E|CS|TAMS 0x0000000088700000| PB 0x0000000088700000| Complete 
| 106|0x0000000088800000, 0x0000000088900000, 0x0000000088900000|100%| E|CS|TAMS 0x0000000088800000| PB 0x0000000088800000| Complete 
| 107|0x0000000088900000, 0x0000000088a00000, 0x0000000088a00000|100%| E|CS|TAMS 0x0000000088900000| PB 0x0000000088900000| Complete 
| 108|0x0000000088a00000, 0x0000000088b00000, 0x0000000088b00000|100%| E|CS|TAMS 0x0000000088a00000| PB 0x0000000088a00000| Complete 
| 109|0x0000000088b00000, 0x0000000088bf52f0, 0x0000000088c00000| 95%| S|CS|TAMS 0x0000000088b00000| PB 0x0000000088b00000| Complete 
| 110|0x0000000088c00000, 0x0000000088d00000, 0x0000000088d00000|100%| S|CS|TAMS 0x0000000088c00000| PB 0x0000000088c00000| Complete 
| 111|0x0000000088d00000, 0x0000000088e00000, 0x0000000088e00000|100%| E|CS|TAMS 0x0000000088d00000| PB 0x0000000088d00000| Complete 
| 112|0x0000000088e00000, 0x0000000088f00000, 0x0000000088f00000|100%| E|CS|TAMS 0x0000000088e00000| PB 0x0000000088e00000| Complete 
| 113|0x0000000088f00000, 0x0000000089000000, 0x0000000089000000|100%| E|CS|TAMS 0x0000000088f00000| PB 0x0000000088f00000| Complete 
| 114|0x0000000089000000, 0x0000000089100000, 0x0000000089100000|100%| E|CS|TAMS 0x0000000089000000| PB 0x0000000089000000| Complete 
| 115|0x0000000089100000, 0x0000000089200000, 0x0000000089200000|100%| E|CS|TAMS 0x0000000089100000| PB 0x0000000089100000| Complete 
| 116|0x0000000089200000, 0x0000000089300000, 0x0000000089300000|100%| E|CS|TAMS 0x0000000089200000| PB 0x0000000089200000| Complete 
| 117|0x0000000089300000, 0x0000000089400000, 0x0000000089400000|100%| E|CS|TAMS 0x0000000089300000| PB 0x0000000089300000| Complete 
| 118|0x0000000089400000, 0x0000000089500000, 0x0000000089500000|100%| E|CS|TAMS 0x0000000089400000| PB 0x0000000089400000| Complete 
| 119|0x0000000089500000, 0x0000000089600000, 0x0000000089600000|100%| E|CS|TAMS 0x0000000089500000| PB 0x0000000089500000| Complete 
| 120|0x0000000089600000, 0x0000000089700000, 0x0000000089700000|100%| E|CS|TAMS 0x0000000089600000| PB 0x0000000089600000| Complete 
| 121|0x0000000089700000, 0x0000000089800000, 0x0000000089800000|100%| E|CS|TAMS 0x0000000089700000| PB 0x0000000089700000| Complete 
| 122|0x0000000089800000, 0x0000000089900000, 0x0000000089900000|100%| E|CS|TAMS 0x0000000089800000| PB 0x0000000089800000| Complete 
| 123|0x0000000089900000, 0x0000000089a00000, 0x0000000089a00000|100%| E|CS|TAMS 0x0000000089900000| PB 0x0000000089900000| Complete 
| 124|0x0000000089a00000, 0x0000000089b00000, 0x0000000089b00000|100%| E|CS|TAMS 0x0000000089a00000| PB 0x0000000089a00000| Complete 
| 125|0x0000000089b00000, 0x0000000089c00000, 0x0000000089c00000|100%| E|CS|TAMS 0x0000000089b00000| PB 0x0000000089b00000| Complete 
| 126|0x0000000089c00000, 0x0000000089d00000, 0x0000000089d00000|100%| E|CS|TAMS 0x0000000089c00000| PB 0x0000000089c00000| Complete 
| 127|0x0000000089d00000, 0x0000000089e00000, 0x0000000089e00000|100%| E|CS|TAMS 0x0000000089d00000| PB 0x0000000089d00000| Complete 

Card table byte_map: [0x00000201fe430000,0x00000201fe830000] _byte_map_base: 0x00000201fe021000

Marking Bits: (CMBitMap*) 0x00000201f41db210
 Bits: [0x000002018f000000, 0x0000020190f88000)

Polling page: 0x00000201f4100000

Metaspace:

Usage:
  Non-class:     14.62 MB used.
      Class:      2.38 MB used.
       Both:     17.00 MB used.

Virtual space:
  Non-class space:       64.00 MB reserved,      14.81 MB ( 23%) committed,  1 nodes.
      Class space:        1.00 GB reserved,       2.56 MB ( <1%) committed,  1 nodes.
             Both:        1.06 GB reserved,      17.38 MB (  2%) committed. 

Chunk freelists:
   Non-Class:  656.00 KB
       Class:  1.43 MB
        Both:  2.07 MB

MaxMetaspaceSize: unlimited
CompressedClassSpaceSize: 1.00 GB
Initial GC threshold: 21.00 MB
Current GC threshold: 21.00 MB
CDS: on
MetaspaceReclaimPolicy: balanced
 - commit_granule_bytes: 65536.
 - commit_granule_words: 8192.
 - virtual_space_node_default_size: 8388608.
 - enlarge_chunks_in_place: 1.
 - new_chunks_are_fully_committed: 0.
 - uncommit_free_chunks: 1.
 - use_allocation_guard: 0.


Internal statistics:

num_allocs_failed_limit: 0.
num_arena_births: 400.
num_arena_deaths: 0.
num_vsnodes_births: 2.
num_vsnodes_deaths: 0.
num_space_committed: 278.
num_space_uncommitted: 0.
num_chunks_returned_to_freelist: 0.
num_chunks_taken_from_freelist: 987.
num_chunk_merges: 0.
num_chunk_splits: 668.
num_chunks_enlarged: 472.
num_inconsistent_stats: 0.

CodeHeap 'non-profiled nmethods': size=120000Kb used=1622Kb max_used=1622Kb free=118377Kb
 bounds [0x0000020187ad0000, 0x0000020187d40000, 0x000002018f000000]
CodeHeap 'profiled nmethods': size=120000Kb used=7884Kb max_used=7884Kb free=112115Kb
 bounds [0x0000020180000000, 0x00000201807c0000, 0x0000020187530000]
CodeHeap 'non-nmethods': size=5760Kb used=1856Kb max_used=1888Kb free=3903Kb
 bounds [0x0000020187530000, 0x00000201877a0000, 0x0000020187ad0000]
 total_blobs=4808 nmethods=3994 adapters=723
 compilation: enabled
              stopped_count=0, restarted_count=0
 full_count=0

Compilation events (20 events):
Event: 34.639 Thread 0x00000201ff2962f0 nmethod 3962 0x000002018078d210 code [0x000002018078d3a0, 0x000002018078d530]
Event: 34.639 Thread 0x00000201ff2962f0 3963       3       com.sun.prism.d3d.D3DResourceFactory::getRTTWidth (2 bytes)
Event: 34.639 Thread 0x00000201ff2962f0 nmethod 3963 0x000002018078d690 code [0x000002018078d820, 0x000002018078d930]
Event: 34.639 Thread 0x00000201ff2962f0 3964       3       com.sun.scenario.effect.impl.prism.ps.PPSDrawable::getCompatibleHeight (11 bytes)
Event: 34.640 Thread 0x00000201ff2962f0 nmethod 3964 0x000002018078da10 code [0x000002018078dba0, 0x000002018078dd30]
Event: 34.640 Thread 0x00000201ff2962f0 3965       3       com.sun.prism.d3d.D3DResourceFactory::getRTTHeight (2 bytes)
Event: 34.640 Thread 0x00000201ff2962f0 nmethod 3965 0x000002018078de90 code [0x000002018078e020, 0x000002018078e130]
Event: 34.640 Thread 0x00000201ff28b730 3966       4       com.sun.prism.impl.ps.BaseShaderGraphics::drawString (820 bytes)
Event: 34.654 Thread 0x00000201ff2962f0 3967       3       com.sun.scenario.effect.impl.prism.PrDrawable::clear (12 bytes)
Event: 34.655 Thread 0x00000201ff2962f0 nmethod 3967 0x000002018078e210 code [0x000002018078e440, 0x000002018078eec8]
Event: 34.656 Thread 0x00000201ff2962f0 3968       3       java.nio.ByteBuffer::order (48 bytes)
Event: 34.656 Thread 0x00000201ff2962f0 nmethod 3968 0x000002018078f290 code [0x000002018078f420, 0x000002018078f668]
Event: 34.662 Thread 0x00000201ff2962f0 3969       3       java.util.concurrent.locks.LockSupport::setBlocker (12 bytes)
Event: 34.663 Thread 0x00000201ff2962f0 nmethod 3969 0x000002018078f710 code [0x000002018078f8a0, 0x000002018078fa98]
Event: 34.681 Thread 0x00000201ff2962f0 3970       3       jdk.internal.misc.VM::isDirectMemoryPageAligned (4 bytes)
Event: 34.681 Thread 0x00000201ff2962f0 nmethod 3970 0x000002018078fb10 code [0x000002018078fca0, 0x000002018078fda0]
Event: 34.681 Thread 0x00000201ff2962f0 3971       3       java.nio.Bits::pageSize (20 bytes)
Event: 34.682 Thread 0x00000201ff2962f0 nmethod 3971 0x000002018078fe10 code [0x000002018078ffa0, 0x0000020180790160]
Event: 34.682 Thread 0x00000201ff2962f0 3972       3       java.util.concurrent.atomic.AtomicLong::compareAndSet (13 bytes)
Event: 34.682 Thread 0x00000201ff2962f0 nmethod 3972 0x0000020180790210 code [0x00000201807903a0, 0x00000201807904d0]

GC Heap History (4 events):
Event: 0.743 GC heap before
{Heap before GC invocations=0 (full 0):
 garbage-first heap   total 131072K, used 13312K [0x0000000081e00000, 0x0000000100000000)
  region size 1024K, 13 young (13312K), 0 survivors (0K)
 Metaspace       used 2756K, committed 2944K, reserved 1114112K
  class space    used 283K, committed 384K, reserved 1048576K
}
Event: 0.751 GC heap after
{Heap after GC invocations=1 (full 0):
 garbage-first heap   total 131072K, used 2692K [0x0000000081e00000, 0x0000000100000000)
  region size 1024K, 2 young (2048K), 2 survivors (2048K)
 Metaspace       used 2756K, committed 2944K, reserved 1114112K
  class space    used 283K, committed 384K, reserved 1048576K
}
Event: 1.335 GC heap before
{Heap before GC invocations=1 (full 0):
 garbage-first heap   total 131072K, used 17028K [0x0000000081e00000, 0x0000000100000000)
  region size 1024K, 17 young (17408K), 2 survivors (2048K)
 Metaspace       used 8121K, committed 8384K, reserved 1114112K
  class space    used 1048K, committed 1216K, reserved 1048576K
}
Event: 1.340 GC heap after
{Heap after GC invocations=2 (full 0):
 garbage-first heap   total 131072K, used 4750K [0x0000000081e00000, 0x0000000100000000)
  region size 1024K, 2 young (2048K), 2 survivors (2048K)
 Metaspace       used 8121K, committed 8384K, reserved 1114112K
  class space    used 1048K, committed 1216K, reserved 1048576K
}

Dll operation events (20 events):
Event: 0.707 Loaded shared library C:\Users\HP\.openjfx\cache\20.0.1+2\amd64\api-ms-win-crt-heap-l1-1-0.dll
Event: 0.711 Loaded shared library C:\Users\HP\.openjfx\cache\20.0.1+2\amd64\api-ms-win-crt-locale-l1-1-0.dll
Event: 0.716 Loaded shared library C:\Users\HP\.openjfx\cache\20.0.1+2\amd64\api-ms-win-crt-math-l1-1-0.dll
Event: 0.721 Loaded shared library C:\Users\HP\.openjfx\cache\20.0.1+2\amd64\api-ms-win-crt-multibyte-l1-1-0.dll
Event: 0.728 Loaded shared library C:\Users\HP\.openjfx\cache\20.0.1+2\amd64\api-ms-win-crt-private-l1-1-0.dll
Event: 0.735 Loaded shared library C:\Users\HP\.openjfx\cache\20.0.1+2\amd64\api-ms-win-crt-process-l1-1-0.dll
Event: 0.741 Loaded shared library C:\Users\HP\.openjfx\cache\20.0.1+2\amd64\api-ms-win-crt-runtime-l1-1-0.dll
Event: 0.754 Loaded shared library C:\Users\HP\.openjfx\cache\20.0.1+2\amd64\api-ms-win-crt-stdio-l1-1-0.dll
Event: 0.759 Loaded shared library C:\Users\HP\.openjfx\cache\20.0.1+2\amd64\api-ms-win-crt-string-l1-1-0.dll
Event: 0.764 Loaded shared library C:\Users\HP\.openjfx\cache\20.0.1+2\amd64\api-ms-win-crt-time-l1-1-0.dll
Event: 0.769 Loaded shared library C:\Users\HP\.openjfx\cache\20.0.1+2\amd64\api-ms-win-crt-utility-l1-1-0.dll
Event: 0.795 Loaded shared library C:\Users\HP\.openjfx\cache\20.0.1+2\amd64\ucrtbase.dll
Event: 0.803 Loaded shared library C:\Users\HP\.openjfx\cache\20.0.1+2\amd64\vcruntime140.dll
Event: 0.809 Loaded shared library C:\Users\HP\.openjfx\cache\20.0.1+2\amd64\vcruntime140_1.dll
Event: 0.822 Loaded shared library C:\Users\HP\.openjfx\cache\20.0.1+2\amd64\msvcp140.dll
Event: 0.827 Loaded shared library C:\Users\HP\.openjfx\cache\20.0.1+2\amd64\msvcp140_1.dll
Event: 0.836 Loaded shared library C:\Users\HP\.openjfx\cache\20.0.1+2\amd64\msvcp140_2.dll
Event: 0.910 Loaded shared library C:\Users\HP\.openjfx\cache\20.0.1+2\amd64\prism_d3d.dll
Event: 0.957 Loaded shared library C:\Users\HP\.openjfx\cache\20.0.1+2\amd64\glass.dll
Event: 1.435 Loaded shared library C:\Users\HP\.openjfx\cache\20.0.1+2\amd64\javafx_font.dll

Deoptimization events (20 events):
Event: 23.503 Thread 0x00000201982d3b20 Uncommon trap: trap_request=0xffffffd6 fr.pc=0x0000020187c10bf8 relative=0x00000000000002b8
Event: 23.503 Thread 0x00000201982d3b20 Uncommon trap: reason=array_check action=maybe_recompile pc=0x0000020187c10bf8 method=javafx.css.SimpleSelector.applies(Ljavafx/css/Styleable;[Ljava/util/Set;I)Z @ 37 c2
Event: 23.503 Thread 0x00000201982d3b20 DEOPT PACKING pc=0x0000020187c10bf8 sp=0x00000080131fd280
Event: 23.503 Thread 0x00000201982d3b20 DEOPT UNPACKING pc=0x0000020187599d22 sp=0x00000080131fd228 mode 2
Event: 23.503 Thread 0x00000201982d3b20 Uncommon trap: trap_request=0xffffffd6 fr.pc=0x0000020187c10bf8 relative=0x00000000000002b8
Event: 23.503 Thread 0x00000201982d3b20 Uncommon trap: reason=array_check action=maybe_recompile pc=0x0000020187c10bf8 method=javafx.css.SimpleSelector.applies(Ljavafx/css/Styleable;[Ljava/util/Set;I)Z @ 37 c2
Event: 23.503 Thread 0x00000201982d3b20 DEOPT PACKING pc=0x0000020187c10bf8 sp=0x00000080131fd280
Event: 23.503 Thread 0x00000201982d3b20 DEOPT UNPACKING pc=0x0000020187599d22 sp=0x00000080131fd228 mode 2
Event: 31.104 Thread 0x0000020197cca200 Uncommon trap: trap_request=0xffffff45 fr.pc=0x0000020187c52f2c relative=0x00000000000010ac
Event: 31.104 Thread 0x0000020197cca200 Uncommon trap: reason=unstable_if action=reinterpret pc=0x0000020187c52f2c method=com.sun.prism.impl.GlyphCache.render(Lcom/sun/prism/impl/BaseContext;Lcom/sun/javafx/scene/text/GlyphList;FFIILcom/sun/prism/paint/Color;Lcom/sun/prism/paint/Color;Lcom/sun/
Event: 31.104 Thread 0x0000020197cca200 DEOPT PACKING pc=0x0000020187c52f2c sp=0x00000080130fd930
Event: 31.104 Thread 0x0000020197cca200 DEOPT UNPACKING pc=0x0000020187599d22 sp=0x00000080130fd8a8 mode 2
Event: 31.244 Thread 0x0000020197cca200 Uncommon trap: trap_request=0xffffffbe fr.pc=0x0000020187c4a8f0 relative=0x00000000000018f0
Event: 31.244 Thread 0x0000020197cca200 Uncommon trap: reason=profile_predicate action=maybe_recompile pc=0x0000020187c4a8f0 method=com.sun.prism.impl.shape.DMarlinPrismUtils.feedConsumer(Lcom/sun/marlin/RendererContext;Lcom/sun/javafx/geom/Path2D;Lcom/sun/javafx/geom/transform/BaseTransform;Lc
Event: 31.244 Thread 0x0000020197cca200 DEOPT PACKING pc=0x0000020187c4a8f0 sp=0x00000080130fd6e0
Event: 31.245 Thread 0x0000020197cca200 DEOPT UNPACKING pc=0x0000020187599d22 sp=0x00000080130fd6d0 mode 2
Event: 32.758 Thread 0x0000020197cca200 Uncommon trap: trap_request=0xffffff45 fr.pc=0x0000020187c40cf8 relative=0x0000000000000438
Event: 32.758 Thread 0x0000020197cca200 Uncommon trap: reason=unstable_if action=reinterpret pc=0x0000020187c40cf8 method=com.sun.javafx.sg.prism.NGNode.clearDirtyTree()V @ 63 c2
Event: 32.758 Thread 0x0000020197cca200 DEOPT PACKING pc=0x0000020187c40cf8 sp=0x00000080130fe1e0
Event: 32.758 Thread 0x0000020197cca200 DEOPT UNPACKING pc=0x0000020187599d22 sp=0x00000080130fe188 mode 2

Classes loaded (20 events):
Event: 2.711 Loading class jdk/internal/ref/CleanerImpl$InnocuousThreadFactory
Event: 2.711 Loading class jdk/internal/ref/CleanerImpl$InnocuousThreadFactory done
Event: 2.723 Loading class sun/misc/Unsafe
Event: 2.724 Loading class sun/misc/Unsafe done
Event: 2.724 Loading class java/lang/invoke/DirectMethodHandle$StaticAccessor
Event: 2.724 Loading class java/lang/invoke/DirectMethodHandle$StaticAccessor done
Event: 5.528 Loading class java/util/EnumMap$Values
Event: 5.528 Loading class java/util/EnumMap$Values done
Event: 5.528 Loading class java/util/EnumMap$ValueIterator
Event: 5.528 Loading class java/util/EnumMap$EnumMapIterator
Event: 5.528 Loading class java/util/EnumMap$EnumMapIterator done
Event: 5.528 Loading class java/util/EnumMap$ValueIterator done
Event: 6.271 Loading class java/io/UnsupportedEncodingException
Event: 6.271 Loading class java/io/UnsupportedEncodingException done
Event: 7.459 Loading class jdk/internal/foreign/MemorySessionImpl
Event: 7.459 Loading class java/lang/foreign/SegmentScope
Event: 7.460 Loading class java/lang/foreign/SegmentScope done
Event: 7.460 Loading class java/lang/foreign/SegmentAllocator
Event: 7.460 Loading class java/lang/foreign/SegmentAllocator done
Event: 7.460 Loading class jdk/internal/foreign/MemorySessionImpl done

Classes unloaded (0 events):
No events

Classes redefined (0 events):
No events

Internal exceptions (20 events):
Event: 1.969 Thread 0x00000201982d3b20 Implicit null exception at 0x0000020187b36d1c to 0x0000020187b36f78
Event: 1.970 Thread 0x00000201982d3b20 Implicit null exception at 0x0000020187b3609a to 0x0000020187b362ec
Event: 1.971 Thread 0x00000201982d3b20 Implicit null exception at 0x0000020187aecf1d to 0x0000020187aecf99
Event: 2.144 Thread 0x00000201982d3b20 Implicit null exception at 0x0000020187b321fc to 0x0000020187b32850
Event: 2.202 Thread 0x00000201982d3b20 Exception <a 'java/lang/IncompatibleClassChangeError'{0x000000008879a348}: Found class java.lang.Object, but interface was expected> (0x000000008879a348) 
thrown [s\open\src\hotspot\share\interpreter\linkResolver.cpp, line 840]
Event: 2.297 Thread 0x00000201982d3b20 Exception <a 'java/lang/ClassNotFoundException'{0x0000000088587ce0}: com/sun/javafx/scene/control/skin/resources/controls> (0x0000000088587ce0) 
thrown [s\open\src\hotspot\share\prims\jni.cpp, line 538]
Event: 2.299 Thread 0x00000201982d3b20 Exception <a 'java/lang/ClassNotFoundException'{0x0000000088595ab8}: com/sun/javafx/scene/control/skin/resources/controls_fr> (0x0000000088595ab8) 
thrown [s\open\src\hotspot\share\prims\jni.cpp, line 538]
Event: 2.301 Thread 0x00000201982d3b20 Exception <a 'java/lang/ClassNotFoundException'{0x00000000885a3878}: com/sun/javafx/scene/control/skin/resources/controls_fr_FR> (0x00000000885a3878) 
thrown [s\open\src\hotspot\share\prims\jni.cpp, line 538]
Event: 2.370 Thread 0x00000201982d3b20 Exception <a 'java/lang/NoSuchMethodError'{0x0000000088358690}: 'void java.lang.invoke.DirectMethodHandle$Holder.invokeSpecial(java.lang.Object, java.lang.Object, java.lang.Object, java.lang.Object, java.lang.Object, java.lang.Object)'> (0x0000000088358690) 
thrown [s\open\src\hotspot\share\interpreter\linkResolver.cpp, line 773]
Event: 2.519 Thread 0x00000201982d3b20 Exception <a 'java/lang/NoSuchMethodError'{0x00000000881efb08}: 'int java.lang.invoke.DirectMethodHandle$Holder.invokeSpecial(java.lang.Object, java.lang.Object, int)'> (0x00000000881efb08) 
thrown [s\open\src\hotspot\share\interpreter\linkResolver.cpp, line 773]
Event: 2.561 Thread 0x00000201982d3b20 Exception <a 'java/lang/NoSuchMethodError'{0x0000000088059650}: 'java.lang.Object java.lang.invoke.DirectMethodHandle$Holder.newInvokeSpecial(java.lang.Object, java.lang.Object, int)'> (0x0000000088059650) 
thrown [s\open\src\hotspot\share\interpreter\linkResolver.cpp, line 773]
Event: 2.648 Thread 0x0000020197cca200 Exception <a 'java/lang/NoSuchMethodError'{0x00000000880ff6b8}: 'int java.lang.invoke.DirectMethodHandle$Holder.invokeStaticInit(java.lang.Object, java.lang.Object)'> (0x00000000880ff6b8) 
thrown [s\open\src\hotspot\share\interpreter\linkResolver.cpp, line 773]
Event: 2.782 Thread 0x0000020197cca200 Exception <a 'java/lang/NoSuchMethodError'{0x0000000087cb6de0}: 'java.lang.Object java.lang.invoke.DirectMethodHandle$Holder.invokeStaticInit(java.lang.Object, int)'> (0x0000000087cb6de0) 
thrown [s\open\src\hotspot\share\interpreter\linkResolver.cpp, line 773]
Event: 6.285 Thread 0x00000201982d3b20 Exception <a 'java/lang/NoSuchMethodError'{0x0000000087a23460}: 'long java.lang.invoke.DirectMethodHandle$Holder.invokeStatic(java.lang.Object, java.lang.Object, java.lang.Object)'> (0x0000000087a23460) 
thrown [s\open\src\hotspot\share\interpreter\linkResolver.cpp, line 773]
Event: 6.285 Thread 0x00000201982d3b20 Exception <a 'java/lang/NoSuchMethodError'{0x0000000087a26830}: 'long java.lang.invoke.DirectMethodHandle$Holder.invokeStaticInit(java.lang.Object, java.lang.Object, java.lang.Object)'> (0x0000000087a26830) 
thrown [s\open\src\hotspot\share\interpreter\linkResolver.cpp, line 773]
Event: 6.288 Thread 0x00000201982d3b20 Exception <a 'java/lang/NoSuchMethodError'{0x0000000087a3e888}: 'java.lang.Object java.lang.invoke.DirectMethodHandle$Holder.newInvokeSpecial(java.lang.Object, java.lang.Object, long)'> (0x0000000087a3e888) 
thrown [s\open\src\hotspot\share\interpreter\linkResolver.cpp, line 773]
Event: 6.289 Thread 0x00000201982d3b20 Exception <a 'java/lang/NoSuchMethodError'{0x0000000087a42180}: 'java.lang.Object java.lang.invoke.Invokers$Holder.linkToTargetMethod(java.lang.Object, long, java.lang.Object)'> (0x0000000087a42180) 
thrown [s\open\src\hotspot\share\interpreter\linkResolver.cpp, line 773]
Event: 6.858 Thread 0x00000201982d3b20 Exception <a 'java/lang/NoSuchMethodError'{0x0000000087a9f158}: 'java.lang.Object java.lang.invoke.DirectMethodHandle$Holder.newInvokeSpecial(java.lang.Object, java.lang.Object, int, int, int, int, int, java.lang.Object)'> (0x0000000087a9f158) 
thrown [s\open\src\hotspot\share\interpreter\linkResolver.cpp, line 773]
Event: 6.860 Thread 0x00000201982d3b20 Exception <a 'java/lang/NoSuchMethodError'{0x0000000087ac0140}: 'java.lang.Object java.lang.invoke.DirectMethodHandle$Holder.newInvokeSpecial(java.lang.Object, java.lang.Object, java.lang.Object, int, int, int, int, int)'> (0x0000000087ac0140) 
thrown [s\open\src\hotspot\share\interpreter\linkResolver.cpp, line 773]
Event: 6.860 Thread 0x00000201982d3b20 Exception <a 'java/lang/NoSuchMethodError'{0x0000000087ac7480}: 'java.lang.Object java.lang.invoke.Invokers$Holder.linkToTargetMethod(java.lang.Object, java.lang.Object, int, int, int, int, int, java.lang.Object)'> (0x0000000087ac7480) 
thrown [s\open\src\hotspot\share\interpreter\linkResolver.cpp, line 773]

VM Operations (20 events):
Event: 22.395 Executing VM operation: Cleanup
Event: 22.395 Executing VM operation: Cleanup done
Event: 23.395 Executing VM operation: Cleanup
Event: 23.395 Executing VM operation: Cleanup done
Event: 25.396 Executing VM operation: Cleanup
Event: 25.396 Executing VM operation: Cleanup done
Event: 26.396 Executing VM operation: Cleanup
Event: 26.397 Executing VM operation: Cleanup done
Event: 27.397 Executing VM operation: Cleanup
Event: 27.397 Executing VM operation: Cleanup done
Event: 28.397 Executing VM operation: Cleanup
Event: 28.397 Executing VM operation: Cleanup done
Event: 29.398 Executing VM operation: Cleanup
Event: 29.398 Executing VM operation: Cleanup done
Event: 30.398 Executing VM operation: Cleanup
Event: 30.399 Executing VM operation: Cleanup done
Event: 32.399 Executing VM operation: Cleanup
Event: 32.399 Executing VM operation: Cleanup done
Event: 33.400 Executing VM operation: Cleanup
Event: 33.400 Executing VM operation: Cleanup done

Events (20 events):
Event: 0.042 Thread 0x00000201ff2734b0 Thread added: 0x00000201ff2734b0
Event: 0.042 Thread 0x00000201ff275f00 Thread added: 0x00000201ff275f00
Event: 0.042 Thread 0x00000201ff2783c0 Thread added: 0x00000201ff2783c0
Event: 0.042 Thread 0x00000201ff27b880 Thread added: 0x00000201ff27b880
Event: 0.042 Thread 0x00000201ff28b730 Thread added: 0x00000201ff28b730
Event: 0.042 Thread 0x00000201ff2962f0 Thread added: 0x00000201ff2962f0
Event: 0.085 Thread 0x00000201ff23a440 Thread added: 0x00000201ff23a440
Event: 0.166 Thread 0x00000201972fcc50 Thread added: 0x00000201972fcc50
Event: 0.316 Thread 0x0000020197cde9f0 Thread added: 0x0000020197cde9f0
Event: 0.316 Thread 0x0000020197b7c1c0 Thread added: 0x0000020197b7c1c0
Event: 0.894 Thread 0x0000020197cca200 Thread added: 0x0000020197cca200
Event: 0.906 Thread 0x00000201972fcc50 Thread exited: 0x00000201972fcc50
Event: 0.961 Thread 0x0000020197ad33a0 Thread added: 0x0000020197ad33a0
Event: 0.966 Thread 0x00000201982d3b20 Thread added: 0x00000201982d3b20
Event: 1.067 Thread 0x0000020197b2d9f0 Thread added: 0x0000020197b2d9f0
Event: 1.083 Thread 0x0000020197f53df0 Thread added: 0x0000020197f53df0
Event: 1.472 Thread 0x000002019883c740 Thread added: 0x000002019883c740
Event: 1.842 Thread 0x00000201980a8570 Thread added: 0x00000201980a8570
Event: 1.906 Thread 0x000002019883c740 Thread exited: 0x000002019883c740
Event: 2.712 Thread 0x00000201980a6590 Thread added: 0x00000201980a6590


Dynamic libraries:
0x00007ff6d9780000 - 0x00007ff6d978e000 	C:\Users\HP\.jdks\openjdk-20.0.1\bin\java.exe
0x00007ffc245f0000 - 0x00007ffc247e5000 	C:\Windows\SYSTEM32\ntdll.dll
0x00007ffc22e30000 - 0x00007ffc22eee000 	C:\Windows\System32\KERNEL32.DLL
0x00007ffc22370000 - 0x00007ffc22639000 	C:\Windows\System32\KERNELBASE.dll
0x00007ffc22270000 - 0x00007ffc22370000 	C:\Windows\System32\ucrtbase.dll
0x00007ffc150a0000 - 0x00007ffc150bb000 	C:\Users\HP\.jdks\openjdk-20.0.1\bin\VCRUNTIME140.dll
0x00007ffc151a0000 - 0x00007ffc151b7000 	C:\Users\HP\.jdks\openjdk-20.0.1\bin\jli.dll
0x00007ffc22bf0000 - 0x00007ffc22d91000 	C:\Windows\System32\USER32.dll
0x00007ffc21eb0000 - 0x00007ffc21ed2000 	C:\Windows\System32\win32u.dll
0x00007ffc22850000 - 0x00007ffc2287b000 	C:\Windows\System32\GDI32.dll
0x00007ffc10b80000 - 0x00007ffc10e1a000 	C:\Windows\WinSxS\amd64_microsoft.windows.common-controls_6595b64144ccf1df_6.0.19041.1110_none_60b5254171f9507e\COMCTL32.dll
0x00007ffc21fa0000 - 0x00007ffc220ab000 	C:\Windows\System32\gdi32full.dll
0x00007ffc233d0000 - 0x00007ffc2346e000 	C:\Windows\System32\msvcrt.dll
0x00007ffc21e10000 - 0x00007ffc21ead000 	C:\Windows\System32\msvcp_win.dll
0x00007ffc24400000 - 0x00007ffc24430000 	C:\Windows\System32\IMM32.DLL
0x0000000071120000 - 0x000000007112c000 	C:\Program Files (x86)\360\Total Security\safemon\SafeWrapper.dll
0x00007ffc23190000 - 0x00007ffc2323c000 	C:\Windows\System32\ADVAPI32.dll
0x00007ffc23cc0000 - 0x00007ffc23d5b000 	C:\Windows\System32\sechost.dll
0x00007ffc23240000 - 0x00007ffc2336a000 	C:\Windows\System32\RPCRT4.dll
0x00007ffc155f0000 - 0x00007ffc15682000 	C:\Program Files (x86)\360\Total Security\safemon\libzdtp64.dll
0x00007ffc23470000 - 0x00007ffc23baf000 	C:\Windows\System32\SHELL32.dll
0x00007ffc23130000 - 0x00007ffc23185000 	C:\Windows\System32\SHLWAPI.dll
0x00007ffc21890000 - 0x00007ffc2189a000 	C:\Windows\SYSTEM32\VERSION.dll
0x00007ffc183e0000 - 0x00007ffc183ec000 	C:\Users\HP\.jdks\openjdk-20.0.1\bin\vcruntime140_1.dll
0x00007ffc02ac0000 - 0x00007ffc02b4e000 	C:\Users\HP\.jdks\openjdk-20.0.1\bin\msvcp140.dll
0x00007ffbd8960000 - 0x00007ffbd95f7000 	C:\Users\HP\.jdks\openjdk-20.0.1\bin\server\jvm.dll
0x00007ffc1ccd0000 - 0x00007ffc1ccd9000 	C:\Windows\SYSTEM32\WSOCK32.dll
0x00007ffc17fc0000 - 0x00007ffc17fe7000 	C:\Windows\SYSTEM32\WINMM.dll
0x00007ffc23030000 - 0x00007ffc2309b000 	C:\Windows\System32\WS2_32.dll
0x00007ffc1fba0000 - 0x00007ffc1fbb2000 	C:\Windows\SYSTEM32\kernel.appcore.dll
0x00007ffc15190000 - 0x00007ffc1519a000 	C:\Users\HP\.jdks\openjdk-20.0.1\bin\jimage.dll
0x00007ffc04280000 - 0x00007ffc04464000 	C:\Windows\SYSTEM32\DBGHELP.DLL
0x00007ffc19630000 - 0x00007ffc1965c000 	C:\Windows\SYSTEM32\dbgcore.DLL
0x00007ffc21ee0000 - 0x00007ffc21f63000 	C:\Windows\System32\bcryptPrimitives.dll
0x00007ffc15490000 - 0x00007ffc1549e000 	C:\Users\HP\.jdks\openjdk-20.0.1\bin\instrument.dll
0x00007ffc13080000 - 0x00007ffc130a6000 	C:\Users\HP\.jdks\openjdk-20.0.1\bin\java.dll
0x00007ffbf1450000 - 0x00007ffbf1527000 	C:\Users\HP\.jdks\openjdk-20.0.1\bin\jsvml.dll
0x00007ffc1fda0000 - 0x00007ffc20530000 	C:\Windows\SYSTEM32\windows.storage.dll
0x00007ffc22890000 - 0x00007ffc22be5000 	C:\Windows\System32\combase.dll
0x00007ffc216f0000 - 0x00007ffc2171c000 	C:\Windows\SYSTEM32\Wldp.dll
0x00007ffc23bb0000 - 0x00007ffc23c5d000 	C:\Windows\System32\SHCORE.dll
0x00007ffc21c50000 - 0x00007ffc21c6f000 	C:\Windows\SYSTEM32\profapi.dll
0x00007ffc096e0000 - 0x00007ffc096f3000 	C:\Users\HP\.jdks\openjdk-20.0.1\bin\net.dll
0x00007ffc16b50000 - 0x00007ffc16c58000 	C:\Windows\SYSTEM32\WINHTTP.dll
0x00007ffc213e0000 - 0x00007ffc2144a000 	C:\Windows\system32\mswsock.dll
0x00007ffc096c0000 - 0x00007ffc096d6000 	C:\Users\HP\.jdks\openjdk-20.0.1\bin\nio.dll
0x00007ffc09630000 - 0x00007ffc09648000 	C:\Users\HP\.jdks\openjdk-20.0.1\bin\zip.dll
0x00007ffbfe6b0000 - 0x00007ffbfe6ca000 	C:\Program Files\JetBrains\IntelliJ IDEA 2023.3.4\bin\breakgen64.dll
0x0000020192fb0000 - 0x0000020192fb3000 	C:\Users\HP\.openjfx\cache\20.0.1+2\amd64\api-ms-win-core-console-l1-1-0.dll
0x0000020192fc0000 - 0x0000020192fc3000 	C:\Users\HP\.openjfx\cache\20.0.1+2\amd64\api-ms-win-core-console-l1-2-0.dll
0x0000020192fd0000 - 0x0000020192fd3000 	C:\Users\HP\.openjfx\cache\20.0.1+2\amd64\api-ms-win-core-datetime-l1-1-0.dll
0x0000020192fe0000 - 0x0000020192fe3000 	C:\Users\HP\.openjfx\cache\20.0.1+2\amd64\api-ms-win-core-debug-l1-1-0.dll
0x0000020192ff0000 - 0x0000020192ff3000 	C:\Users\HP\.openjfx\cache\20.0.1+2\amd64\api-ms-win-core-errorhandling-l1-1-0.dll
0x0000020198d00000 - 0x0000020198d04000 	C:\Users\HP\.openjfx\cache\20.0.1+2\amd64\api-ms-win-core-file-l1-1-0.dll
0x0000020198d10000 - 0x0000020198d13000 	C:\Users\HP\.openjfx\cache\20.0.1+2\amd64\api-ms-win-core-file-l1-2-0.dll
0x0000020199080000 - 0x0000020199083000 	C:\Users\HP\.openjfx\cache\20.0.1+2\amd64\api-ms-win-core-file-l2-1-0.dll
0x0000020199090000 - 0x0000020199093000 	C:\Users\HP\.openjfx\cache\20.0.1+2\amd64\api-ms-win-core-handle-l1-1-0.dll
0x00000201990a0000 - 0x00000201990a3000 	C:\Users\HP\.openjfx\cache\20.0.1+2\amd64\api-ms-win-core-heap-l1-1-0.dll
0x0000020198d20000 - 0x0000020198d23000 	C:\Users\HP\.openjfx\cache\20.0.1+2\amd64\api-ms-win-core-interlocked-l1-1-0.dll
0x0000020198d30000 - 0x0000020198d33000 	C:\Users\HP\.openjfx\cache\20.0.1+2\amd64\api-ms-win-core-libraryloader-l1-1-0.dll
0x0000020198d40000 - 0x0000020198d43000 	C:\Users\HP\.openjfx\cache\20.0.1+2\amd64\api-ms-win-core-localization-l1-2-0.dll
0x0000020198d50000 - 0x0000020198d53000 	C:\Users\HP\.openjfx\cache\20.0.1+2\amd64\api-ms-win-core-memory-l1-1-0.dll
0x0000020198d60000 - 0x0000020198d63000 	C:\Users\HP\.openjfx\cache\20.0.1+2\amd64\api-ms-win-core-namedpipe-l1-1-0.dll
0x0000020198d70000 - 0x0000020198d73000 	C:\Users\HP\.openjfx\cache\20.0.1+2\amd64\api-ms-win-core-processenvironment-l1-1-0.dll
0x0000020198d80000 - 0x0000020198d83000 	C:\Users\HP\.openjfx\cache\20.0.1+2\amd64\api-ms-win-core-processthreads-l1-1-0.dll
0x0000020198d90000 - 0x0000020198d93000 	C:\Users\HP\.openjfx\cache\20.0.1+2\amd64\api-ms-win-core-processthreads-l1-1-1.dll
0x0000020198da0000 - 0x0000020198da3000 	C:\Users\HP\.openjfx\cache\20.0.1+2\amd64\api-ms-win-core-profile-l1-1-0.dll
0x0000020198db0000 - 0x0000020198db3000 	C:\Users\HP\.openjfx\cache\20.0.1+2\amd64\api-ms-win-core-rtlsupport-l1-1-0.dll
0x0000020198dc0000 - 0x0000020198dc3000 	C:\Users\HP\.openjfx\cache\20.0.1+2\amd64\api-ms-win-core-string-l1-1-0.dll
0x0000020198ef0000 - 0x0000020198ef3000 	C:\Users\HP\.openjfx\cache\20.0.1+2\amd64\api-ms-win-core-synch-l1-1-0.dll
0x0000020198f00000 - 0x0000020198f03000 	C:\Users\HP\.openjfx\cache\20.0.1+2\amd64\api-ms-win-core-synch-l1-2-0.dll
0x0000020198f10000 - 0x0000020198f13000 	C:\Users\HP\.openjfx\cache\20.0.1+2\amd64\api-ms-win-core-sysinfo-l1-1-0.dll
0x0000020198f20000 - 0x0000020198f23000 	C:\Users\HP\.openjfx\cache\20.0.1+2\amd64\api-ms-win-core-timezone-l1-1-0.dll
0x0000020198f30000 - 0x0000020198f33000 	C:\Users\HP\.openjfx\cache\20.0.1+2\amd64\api-ms-win-core-util-l1-1-0.dll
0x0000020198ee0000 - 0x0000020198ee3000 	C:\Users\HP\.openjfx\cache\20.0.1+2\amd64\api-ms-win-crt-conio-l1-1-0.dll
0x0000020199070000 - 0x0000020199074000 	C:\Users\HP\.openjfx\cache\20.0.1+2\amd64\api-ms-win-crt-convert-l1-1-0.dll
0x00000201990b0000 - 0x00000201990b3000 	C:\Users\HP\.openjfx\cache\20.0.1+2\amd64\api-ms-win-crt-environment-l1-1-0.dll
0x00000201990c0000 - 0x00000201990c3000 	C:\Users\HP\.openjfx\cache\20.0.1+2\amd64\api-ms-win-crt-filesystem-l1-1-0.dll
0x00000201990d0000 - 0x00000201990d3000 	C:\Users\HP\.openjfx\cache\20.0.1+2\amd64\api-ms-win-crt-heap-l1-1-0.dll
0x00000201990e0000 - 0x00000201990e3000 	C:\Users\HP\.openjfx\cache\20.0.1+2\amd64\api-ms-win-crt-locale-l1-1-0.dll
0x00000201990f0000 - 0x00000201990f5000 	C:\Users\HP\.openjfx\cache\20.0.1+2\amd64\api-ms-win-crt-math-l1-1-0.dll
0x0000020199100000 - 0x0000020199105000 	C:\Users\HP\.openjfx\cache\20.0.1+2\amd64\api-ms-win-crt-multibyte-l1-1-0.dll
0x0000020199110000 - 0x0000020199120000 	C:\Users\HP\.openjfx\cache\20.0.1+2\amd64\api-ms-win-crt-private-l1-1-0.dll
0x0000020198dd0000 - 0x0000020198dd3000 	C:\Users\HP\.openjfx\cache\20.0.1+2\amd64\api-ms-win-crt-process-l1-1-0.dll
0x0000020198de0000 - 0x0000020198de4000 	C:\Users\HP\.openjfx\cache\20.0.1+2\amd64\api-ms-win-crt-runtime-l1-1-0.dll
0x0000020198df0000 - 0x0000020198df4000 	C:\Users\HP\.openjfx\cache\20.0.1+2\amd64\api-ms-win-crt-stdio-l1-1-0.dll
0x0000020198e00000 - 0x0000020198e04000 	C:\Users\HP\.openjfx\cache\20.0.1+2\amd64\api-ms-win-crt-string-l1-1-0.dll
0x0000020198e10000 - 0x0000020198e13000 	C:\Users\HP\.openjfx\cache\20.0.1+2\amd64\api-ms-win-crt-time-l1-1-0.dll
0x0000020198e20000 - 0x0000020198e23000 	C:\Users\HP\.openjfx\cache\20.0.1+2\amd64\api-ms-win-crt-utility-l1-1-0.dll
0x00007ffbd8480000 - 0x00007ffbd857c000 	C:\Users\HP\.openjfx\cache\20.0.1+2\amd64\ucrtbase.dll
0x00007ffbfae20000 - 0x00007ffbfae3b000 	C:\Users\HP\.openjfx\cache\20.0.1+2\amd64\vcruntime140.dll
0x00007ffc15410000 - 0x00007ffc1541c000 	C:\Users\HP\.openjfx\cache\20.0.1+2\amd64\vcruntime140_1.dll
0x00007ffbd8760000 - 0x00007ffbd87ee000 	C:\Users\HP\.openjfx\cache\20.0.1+2\amd64\msvcp140.dll
0x00007ffbfbda0000 - 0x00007ffbfbda9000 	C:\Users\HP\.openjfx\cache\20.0.1+2\amd64\msvcp140_1.dll
0x00007ffbe67f0000 - 0x00007ffbe6820000 	C:\Users\HP\.openjfx\cache\20.0.1+2\amd64\msvcp140_2.dll
0x00007ffbe6770000 - 0x00007ffbe679f000 	C:\Users\HP\.openjfx\cache\20.0.1+2\amd64\prism_d3d.dll
0x00007ffbe81d0000 - 0x00007ffbe839e000 	C:\Windows\system32\d3d9.dll
0x00007ffc1f8b0000 - 0x00007ffc1f8df000 	C:\Windows\SYSTEM32\dwmapi.dll
0x00007ffc1f6e0000 - 0x00007ffc1f77e000 	C:\Windows\system32\uxtheme.dll
0x00007ffbdf1a0000 - 0x00007ffbdfc0d000 	C:\Windows\SYSTEM32\igdumdim64.dll
0x00007ffc09140000 - 0x00007ffc095a5000 	C:\Windows\SYSTEM32\igdusc64.dll
0x00007ffbe0330000 - 0x00007ffbe0372000 	C:\Users\HP\.openjfx\cache\20.0.1+2\amd64\glass.dll
0x00007ffc23d60000 - 0x00007ffc23e3a000 	C:\Windows\System32\COMDLG32.dll
0x00007ffc22ef0000 - 0x00007ffc2301a000 	C:\Windows\System32\ole32.dll
0x00007ffc244e0000 - 0x00007ffc245ad000 	C:\Windows\System32\OLEAUT32.dll
0x00007ffc23e40000 - 0x00007ffc23f55000 	C:\Windows\System32\MSCTF.dll
0x00007ffbf1430000 - 0x00007ffbf1444000 	C:\Users\HP\.openjfx\cache\20.0.1+2\amd64\javafx_font.dll
0x00007ffbffa00000 - 0x00007ffbffc83000 	C:\Windows\SYSTEM32\dwrite.dll
0x00007ffc24430000 - 0x00007ffc244d9000 	C:\Windows\System32\clbcatq.dll
0x00007ffc1aaf0000 - 0x00007ffc1aca4000 	C:\Windows\SYSTEM32\WindowsCodecs.dll
0x00007ffc21f70000 - 0x00007ffc21f97000 	C:\Windows\System32\bcrypt.dll
0x00007ffc16aa0000 - 0x00007ffc16ade000 	C:\Windows\system32\dataexchange.dll
0x00007ffc1ace0000 - 0x00007ffc1af44000 	C:\Windows\system32\d3d11.dll
0x00007ffc1edf0000 - 0x00007ffc1efd5000 	C:\Windows\system32\dcomp.dll
0x00007ffc20590000 - 0x00007ffc20684000 	C:\Windows\system32\dxgi.dll
0x00007ffc1b610000 - 0x00007ffc1b811000 	C:\Windows\system32\twinapi.appcore.dll
0x00007ffbe5310000 - 0x00007ffbe5344000 	C:\Program Files\Common Files\Microsoft Shared\Ink\rtscom.dll
0x00007ffc18250000 - 0x00007ffc18349000 	C:\Windows\SYSTEM32\textinputframework.dll
0x00007ffc1ea00000 - 0x00007ffc1ed5e000 	C:\Windows\System32\CoreUIComponents.dll
0x00007ffc1f0e0000 - 0x00007ffc1f1d2000 	C:\Windows\System32\CoreMessaging.dll
0x00007ffc20990000 - 0x00007ffc209c3000 	C:\Windows\SYSTEM32\ntmarta.dll
0x00007ffc1d920000 - 0x00007ffc1da74000 	C:\Windows\SYSTEM32\wintypes.dll
0x00007ffc1dfc0000 - 0x00007ffc1e580000 	C:\Windows\SYSTEM32\d2d1.dll
0x00007ffbff1b0000 - 0x00007ffbff8a6000 	C:\Windows\SYSTEM32\D3D10Warp.dll
0x00007ffc1d6e0000 - 0x00007ffc1d71b000 	C:\Windows\SYSTEM32\dxcore.dll
0x00007ffc21dc0000 - 0x00007ffc21e0e000 	C:\Windows\System32\cfgmgr32.dll
0x00007ffc1a650000 - 0x00007ffc1a6fc000 	C:\Windows\SYSTEM32\TextShaping.dll

dbghelp: loaded successfully - version: 4.0.5 - missing functions: none
symbol engine: initialized successfully - sym options: 0x614 - pdb path: .;C:\Users\HP\.jdks\openjdk-20.0.1\bin;C:\Windows\SYSTEM32;C:\Windows\WinSxS\amd64_microsoft.windows.common-controls_6595b64144ccf1df_6.0.19041.1110_none_60b5254171f9507e;C:\Program Files (x86)\360\Total Security\safemon;C:\Users\HP\.jdks\openjdk-20.0.1\bin\server;C:\Program Files\JetBrains\IntelliJ IDEA 2023.3.4\bin;C:\Users\HP\.openjfx\cache\20.0.1+2\amd64;C:\Program Files\Common Files\Microsoft Shared\Ink

VM Arguments:
jvm_args: -javaagent:C:\Program Files\JetBrains\IntelliJ IDEA 2023.3.4\lib\idea_rt.jar=49638:C:\Program Files\JetBrains\IntelliJ IDEA 2023.3.4\bin -Dfile.encoding=UTF-8 -Dsun.stdout.encoding=UTF-8 -Dsun.stderr.encoding=UTF-8 --module-path=C:\Users\HP\.m2\repository\org\openjfx\javafx-fxml\20.0.1\javafx-fxml-20.0.1-win.jar;C:\Users\HP\.m2\repository\org\openjfx\javafx-controls\20.0.1\javafx-controls-20.0.1-win.jar;C:\Users\HP\.m2\repository\org\openjfx\javafx-graphics\20.0.1\javafx-graphics-20.0.1-win.jar;C:\Users\HP\.m2\repository\org\openjfx\javafx-base\20.0.1\javafx-base-20.0.1-win.jar;E:\MIAGE\LICENCE 3\SEMESTRE 2\PROGRAMMATION D'APPLICATION\Projet\projet_morpion\target\classes -Djdk.module.main=yeofrancois.degnyalfred.morpion.projet_morpion 
java_command: yeofrancois.degnyalfred.morpion.projet_morpion/yeofrancois.degnyalfred.morpion.projet_morpion.HelloApplication
java_class_path (initial): C:\Users\HP\.m2\repository\org\openjfx\javafx-controls\20.0.1\javafx-controls-20.0.1.jar;C:\Users\HP\.m2\repository\org\openjfx\javafx-graphics\20.0.1\javafx-graphics-20.0.1.jar;C:\Users\HP\.m2\repository\org\openjfx\javafx-base\20.0.1\javafx-base-20.0.1.jar;C:\Users\HP\.m2\repository\org\openjfx\javafx-fxml\20.0.1\javafx-fxml-20.0.1.jar
Launcher Type: SUN_STANDARD

[Global flags]
     intx CICompilerCount                          = 3                                         {product} {ergonomic}
     uint ConcGCThreads                            = 1                                         {product} {ergonomic}
     uint G1ConcRefinementThreads                  = 4                                         {product} {ergonomic}
   size_t G1HeapRegionSize                         = 1048576                                   {product} {ergonomic}
    uintx GCDrainStackTargetSize                   = 64                                        {product} {ergonomic}
   size_t InitialHeapSize                          = 134217728                                 {product} {ergonomic}
   size_t MarkStackSize                            = 4194304                                   {product} {ergonomic}
   size_t MaxHeapSize                              = 2116026368                                {product} {ergonomic}
   size_t MaxNewSize                               = 1268776960                                {product} {ergonomic}
   size_t MinHeapDeltaBytes                        = 1048576                                   {product} {ergonomic}
   size_t MinHeapSize                              = 8388608                                   {product} {ergonomic}
    uintx NonNMethodCodeHeapSize                   = 5832780                                {pd product} {ergonomic}
    uintx NonProfiledCodeHeapSize                  = 122912730                              {pd product} {ergonomic}
    uintx ProfiledCodeHeapSize                     = 122912730                              {pd product} {ergonomic}
    uintx ReservedCodeCacheSize                    = 251658240                              {pd product} {ergonomic}
     bool SegmentedCodeCache                       = true                                      {product} {ergonomic}
   size_t SoftMaxHeapSize                          = 2116026368                             {manageable} {ergonomic}
     bool UseCompressedClassPointers               = true                           {product lp64_product} {ergonomic}
     bool UseCompressedOops                        = true                           {product lp64_product} {ergonomic}
     bool UseG1GC                                  = true                                      {product} {ergonomic}
     bool UseLargePagesIndividualAllocation        = false                                  {pd product} {ergonomic}

Logging:
Log output configuration:
 #0: stdout all=warning uptime,level,tags foldmultilines=false
 #1: stderr all=off uptime,level,tags foldmultilines=false

Environment Variables:
PATH=C:\Program Files (x86)\Common Files\Oracle\Java\javapath;C:\Program Files\Common Files\Oracle\Java\javapath;C:\Windows\system32;C:\Windows;C:\Windows\System32\Wbem;C:\Windows\System32\WindowsPowerShell\v1.0\;C:\Windows\System32\OpenSSH\;C:\Program Files\Git\cmd;C:\Program Files (x86)\nodejs\;C:\Program Files\Microsoft\Web Platform Installer\;C:\Program Files (x86)\Microsoft ASP.NET\ASP.NET Web Pages\v1.0\;C:\Program Files (x86)\Microsoft SQL Server\150\Tools\Binn\;C:\Program Files\Microsoft SQL Server\150\Tools\Binn\;C:\Program Files\Microsoft SQL Server\150\DTS\Binn\;C:\Program Files\Microsoft SQL Server\Client SDK\ODBC\170\Tools\Binn\;C:\Program Files (x86)\sbt\bin;C:\Program Files\Azure Data Studio\bin;C:\Program Files (x86)\Microsoft SQL Server\150\DTS\Binn\;C:\wamp64\bin\php\php8.2.0;C:\ProgramData\ComposerSetup\bin;C:\Users\HP\AppData\Local\Microsoft\WindowsApps;C:\Users\HP\AppData\Local\GitHubDesktop\bin;C:\Users\HP\AppData\Roaming\npm;C:\Program Files\Java\jdk-18.0.1.1\lib\mysql-connector-java-5.1.47;C:\Program Files\Azure Data Studio\bin;C:\src\flutter\flutter\bin;C:\Users\HP\AppData\Roaming\Composer\vendor\bin;C:\Users\HP\AppData\Local\Programs\Microsoft VS Code2\bin
USERNAME=HP
OS=Windows_NT
PROCESSOR_IDENTIFIER=Intel64 Family 6 Model 58 Stepping 9, GenuineIntel
TMP=C:\Users\HP\AppData\Local\Temp
TEMP=C:\Users\HP\AppData\Local\Temp




---------------  S Y S T E M  ---------------

OS:
 Windows 10 , 64 bit Build 19041 (10.0.19041.1202)
OS uptime: 2 days 7:07 hours

CPU: total 4 (initial active 4) (2 cores per cpu, 2 threads per core) family 6 model 58 stepping 9 microcode 0x21, cx8, cmov, fxsr, ht, mmx, sse, sse2, sse3, ssse3, sse4.1, sse4.2, popcnt, tsc, tscinvbit, avx, aes, erms, clmul, vzeroupper, clflush, rdtscp, f16c

Memory: 4k page, system-wide physical 8071M (558M free)
TotalPageFile size 13071M (AvailPageFile size 12M)
current process WorkingSet (physical memory assigned to process): 178M, peak: 179M
current process commit charge ("private bytes"): 293M, peak: 295M

vm_info: OpenJDK 64-Bit Server VM (20.0.1+9-29) for windows-amd64 JRE (20.0.1+9-29), built on 2023-03-07T13:56:11Z by "mach5one" with MS VC++ 17.1 (VS2022)

END.
